--------------------------------------------------------------------------------
Release 14.7 Trace  (nt64)
Copyright (c) 1995-2013 Xilinx, Inc.  All rights reserved.

C:\14.7\ISE_DS\ISE\bin\nt64\unwrapped\trce.exe -intstyle ise -v 3 -s 4 -n 3
-fastpaths -xml wrapper_proc_7seg.twx wrapper_proc_7seg.ncd -o
wrapper_proc_7seg.twr wrapper_proc_7seg.pcf -ucf Basys2_100_250General-2.ucf

Design file:              wrapper_proc_7seg.ncd
Physical constraint file: wrapper_proc_7seg.pcf
Device,package,speed:     xc3s100e,cp132,-4 (PRODUCTION 1.27 2013-10-13)
Report level:             verbose report

Environment Variable      Effect 
--------------------      ------ 
NONE                      No environment variables were set
--------------------------------------------------------------------------------

INFO:Timing:2698 - No timing constraints found, doing default enumeration.
INFO:Timing:3412 - To improve timing, see the Timing Closure User Guide (UG612).
INFO:Timing:2752 - To get complete path coverage, use the unconstrained paths 
   option. All paths that are not constrained will be reported in the 
   unconstrained paths section(s) of the report.
INFO:Timing:3339 - The clock-to-out numbers in this timing report are based on 
   a 50 Ohm transmission line loading model.  For the details of this model, 
   and for more information on accounting for different loading conditions, 
   please see the device datasheet.
INFO:Timing:3390 - This architecture does not support a default System Jitter 
   value, please add SYSTEM_JITTER constraint to the UCF to modify the Clock 
   Uncertainty calculation.
INFO:Timing:3389 - This architecture does not support 'Discrete Jitter' and 
   'Phase Error' calculations, these terms will be zero in the Clock 
   Uncertainty calculation.  Please make appropriate modification to 
   SYSTEM_JITTER to account for the unsupported Discrete Jitter and Phase 
   Error.



Data Sheet report:
-----------------
All values displayed in nanoseconds (ns)

Setup/Hold to clock btn
------------+------------+------------+------------------+--------+
            |Max Setup to|Max Hold to |                  | Clock  |
Source      | clk (edge) | clk (edge) |Internal Clock(s) | Phase  |
------------+------------+------------+------------------+--------+
display     |   13.511(R)|   -3.227(R)|btn_BUFGP         |   0.000|
reg_no<0>   |   13.363(R)|   -3.252(R)|btn_BUFGP         |   0.000|
reg_no<1>   |   11.262(R)|   -3.611(R)|btn_BUFGP         |   0.000|
reg_no<2>   |   11.475(R)|   -3.160(R)|btn_BUFGP         |   0.000|
rst         |    3.396(R)|    0.360(R)|btn_BUFGP         |   0.000|
------------+------------+------------+------------------+--------+

Clock btn to Pad
------------+------------+------------------+--------+
            | clk (edge) |                  | Clock  |
Destination |   to PAD   |Internal Clock(s) | Phase  |
------------+------------+------------------+--------+
seg<0>      |   21.408(R)|btn_BUFGP         |   0.000|
seg<1>      |   21.909(R)|btn_BUFGP         |   0.000|
seg<2>      |   21.351(R)|btn_BUFGP         |   0.000|
seg<3>      |   21.358(R)|btn_BUFGP         |   0.000|
seg<4>      |   21.947(R)|btn_BUFGP         |   0.000|
seg<5>      |   20.527(R)|btn_BUFGP         |   0.000|
seg<6>      |   21.350(R)|btn_BUFGP         |   0.000|
------------+------------+------------------+--------+

Clock to Setup on destination clock btn
---------------+---------+---------+---------+---------+
               | Src:Rise| Src:Fall| Src:Rise| Src:Fall|
Source Clock   |Dest:Rise|Dest:Rise|Dest:Fall|Dest:Fall|
---------------+---------+---------+---------+---------+
btn            |   14.891|         |         |         |
---------------+---------+---------+---------+---------+

Clock to Setup on destination clock clk
---------------+---------+---------+---------+---------+
               | Src:Rise| Src:Fall| Src:Rise| Src:Fall|
Source Clock   |Dest:Rise|Dest:Rise|Dest:Fall|Dest:Fall|
---------------+---------+---------+---------+---------+
clk            |    5.102|         |         |         |
---------------+---------+---------+---------+---------+

Pad to Pad
---------------+---------------+---------+
Source Pad     |Destination Pad|  Delay  |
---------------+---------------+---------+
display        |seg<0>         |   19.655|
display        |seg<1>         |   20.156|
display        |seg<2>         |   19.598|
display        |seg<3>         |   19.605|
display        |seg<4>         |   20.194|
display        |seg<5>         |   18.774|
display        |seg<6>         |   19.597|
reg_no<0>      |seg<0>         |   19.507|
reg_no<0>      |seg<1>         |   20.008|
reg_no<0>      |seg<2>         |   19.450|
reg_no<0>      |seg<3>         |   19.457|
reg_no<0>      |seg<4>         |   20.046|
reg_no<0>      |seg<5>         |   18.626|
reg_no<0>      |seg<6>         |   19.449|
reg_no<1>      |seg<0>         |   17.348|
reg_no<1>      |seg<1>         |   17.849|
reg_no<1>      |seg<2>         |   17.291|
reg_no<1>      |seg<3>         |   17.298|
reg_no<1>      |seg<4>         |   17.887|
reg_no<1>      |seg<5>         |   16.467|
reg_no<1>      |seg<6>         |   17.290|
reg_no<2>      |seg<0>         |   16.956|
reg_no<2>      |seg<1>         |   17.457|
reg_no<2>      |seg<2>         |   16.899|
reg_no<2>      |seg<3>         |   16.906|
reg_no<2>      |seg<4>         |   17.495|
reg_no<2>      |seg<5>         |   16.075|
reg_no<2>      |seg<6>         |   16.898|
---------------+---------------+---------+


Analysis completed Tue May 05 00:19:13 2015 
--------------------------------------------------------------------------------

Trace Settings:
-------------------------
Trace Settings 

Peak Memory Usage: 177 MB



